This is XeTeX, Version 3.14159265-2.6-0.99999 (TeX Live 2018/W32TeX) (preloaded format=xelatex 2018.7.1)  27 DEC 2018 16:05
entering extended mode
 restricted \write18 enabled.
 %&-line parsing enabled.
**Final-Exam-Solution.tex
(c:/texlive/2018/texmf-dist/tex/latex/tools/q.tex
LaTeX2e <2018-04-01> patch level 2
Babel <3.18> and hyphenation patterns for 23 language(s) loaded.
File ignored
)
! Emergency stop.
<*> Final-Exam-Solution.tex
                           
*** (job aborted, no legal \end found)

 
Here is how much of TeX's memory you used:
 6 strings out of 494093
 164 string characters out of 6165730
 57883 words of memory out of 5000000
 4015 multiletter control sequences out of 15000+600000
 3640 words of font info for 14 fonts, out of 8000000 for 9000
 714 hyphenation exceptions out of 8191
 5i,0n,1p,103b,8s stack positions out of 5000i,500n,10000p,200000b,80000s
No pages of output.
