\BOOKMARK [1][-]{section.1}{\376\377\000L\000e\000c\000t\000u\000r\000e\000\040\0001}{}% 1
\BOOKMARK [2][-]{subsection.1.1}{\376\377\000M\000o\000t\000i\000v\000a\000t\000i\000o\000n\000\040\000a\000n\000d\000\040\000O\000v\000e\000r\000v\000i\000e\000w}{section.1}% 2
\BOOKMARK [3][-]{subsubsection.1.1.1}{\376\377\000W\000h\000y\000\040\000d\000o\000\040\000w\000e\000\040\000s\000t\000u\000d\000y\000\040\000s\000t\000r\000i\000n\000g\000\040\000t\000h\000e\000o\000r\000y\000?}{subsection.1.1}% 3
\BOOKMARK [3][-]{subsubsection.1.1.2}{\376\377\000V\000e\000r\000y\000\040\000v\000e\000r\000y\000\040\000b\000r\000i\000e\000f\000\040\000h\000i\000s\000t\000o\000r\000y}{subsection.1.1}% 4
\BOOKMARK [3][-]{subsubsection.1.1.3}{\376\377\000V\000e\000r\000y\000\040\000s\000h\000o\000r\000t\000\040\000h\000i\000g\000h\000l\000i\000g\000h\000t\000s}{subsection.1.1}% 5
\BOOKMARK [2][-]{subsection.1.2}{\376\377\000B\000o\000s\000o\000n\000i\000c\000\040\000s\000t\000r\000i\000n\000g\000\040\000t\000h\000e\000o\000r\000y}{section.1}% 6
\BOOKMARK [1][-]{section.2}{\376\377\000L\000e\000c\000t\000u\000r\000e\000\040\0002}{}% 7
\BOOKMARK [2][-]{subsection.2.1}{\376\377\000T\000o\000w\000a\000r\000d\000s\000\040\000s\000t\000r\000i\000n\000g\000\040\000i\000n\000t\000e\000r\000a\000c\000t\000i\000o\000n}{section.2}% 8
\BOOKMARK [3][-]{subsubsection.2.1.1}{\376\377\000P\000a\000t\000h\000\040\000i\000n\000t\000e\000g\000r\000a\000l\000\040\000m\000e\000t\000h\000o\000d}{subsection.2.1}% 9
\BOOKMARK [3][-]{subsubsection.2.1.2}{\376\377\000S\000t\000a\000t\000e\000-\000o\000p\000e\000r\000a\000t\000o\000r\000\040\000c\000o\000r\000r\000e\000s\000p\000o\000n\000d\000e\000n\000c\000e}{subsection.2.1}% 10
\BOOKMARK [2][-]{subsection.2.2}{\376\377\000C\000o\000n\000f\000o\000r\000m\000a\000l\000\040\000f\000i\000e\000l\000d\000\040\000t\000h\000e\000o\000r\000y\000\040\000i\000n\000\040\0002\000d}{section.2}% 11
\BOOKMARK [3][-]{subsubsection.2.2.1}{\376\377\000M\000a\000s\000s\000l\000e\000s\000s\000\040\000s\000c\000a\000l\000a\000r\000\040\000t\000h\000e\000o\000r\000y\000\040\000i\000n\000\040\0002\000d}{subsection.2.2}% 12
\BOOKMARK [3][-]{subsubsection.2.2.2}{\376\377\000O\000p\000e\000r\000a\000t\000o\000r\000\040\000a\000n\000a\000l\000y\000s\000i\000s\000\040\000\050\000P\000a\000t\000h\000\040\000i\000n\000t\000e\000g\000r\000a\000l\000\040\000q\000u\000a\000n\000t\000i\000z\000a\000t\000i\000o\000n\000\051}{subsection.2.2}% 13
\BOOKMARK [3][-]{subsubsection.2.2.3}{\376\377\000O\000p\000e\000r\000a\000t\000o\000r\000\040\000p\000r\000o\000d\000u\000c\000t\000\040\000e\000x\000p\000a\000n\000s\000i\000o\000n\000\040\000\050\000O\000P\000E\000\051}{subsection.2.2}% 14
\BOOKMARK [3][-]{subsubsection.2.2.4}{\376\377\000N\000o\000e\000t\000h\000e\000r\000'\000s\000\040\000t\000h\000e\000o\000r\000e\000m\000\040\000a\000n\000d\000\040\000W\000a\000r\000d\000-\000T\000a\000k\000a\000h\000a\000s\000h\000i\000\040\000i\000d\000e\000n\000t\000i\000t\000i\000e\000s}{subsection.2.2}% 15
\BOOKMARK [1][-]{section.3}{\376\377\000L\000e\000c\000t\000u\000r\000e\000\040\0003}{}% 16
\BOOKMARK [2][-]{subsection.3.1}{\376\377\000C\000o\000n\000f\000o\000r\000m\000a\000l\000\040\000t\000r\000a\000n\000s\000f\000o\000r\000m\000a\000t\000i\000o\000n\000s}{section.3}% 17
\BOOKMARK [2][-]{subsection.3.2}{\376\377\000C\000o\000n\000f\000o\000r\000m\000a\000l\000\040\000W\000a\000r\000d\000-\000T\000a\000k\000a\000h\000a\000s\000h\000i\000\040\000i\000d\000e\000n\000t\000i\000t\000y}{section.3}% 18
\BOOKMARK [2][-]{subsection.3.3}{\376\377\000P\000r\000i\000m\000a\000r\000y\000\040\000f\000i\000e\000l\000d\000s}{section.3}% 19
\BOOKMARK [2][-]{subsection.3.4}{\376\377\000F\000r\000e\000e\000\040\000s\000c\000a\000l\000a\000r\000\040\000f\000i\000e\000l\000d}{section.3}% 20
\BOOKMARK [2][-]{subsection.3.5}{\376\377\000O\000P\000E\000\040\000o\000f\000\040\000s\000t\000r\000e\000s\000s\000-\000e\000n\000e\000r\000g\000y\000\040\000t\000e\000n\000s\000o\000r}{section.3}% 21
\BOOKMARK [1][-]{section.4}{\376\377\000L\000e\000c\000t\000u\000r\000e\000\040\0004}{}% 22
\BOOKMARK [2][-]{subsection.4.1}{\376\377\000V\000e\000r\000t\000e\000x\000\040\000o\000p\000e\000r\000a\000t\000o\000r\000s}{section.4}% 23
\BOOKMARK [3][-]{subsubsection.4.1.1}{\376\377\000M\000a\000s\000s\000\040\000f\000r\000o\000m\000\040\000v\000e\000r\000t\000e\000x\000\040\000o\000p\000e\000r\000a\000t\000o\000r}{subsection.4.1}% 24
\BOOKMARK [2][-]{subsection.4.2}{\376\377\000W\000e\000y\000l\000\040\000a\000n\000o\000m\000a\000l\000y}{section.4}% 25
\BOOKMARK [3][-]{subsubsection.4.2.1}{\376\377\000W\000e\000y\000l\000\040\000a\000n\000o\000m\000a\000l\000y\000\040\000f\000r\000o\000m\000\040\000c\000u\000r\000v\000e\000d\000\040\000W\000S}{subsection.4.2}% 26
\BOOKMARK [3][-]{subsubsection.4.2.2}{\376\377\000N\000o\000n\000-\000l\000i\000n\000e\000a\000r\000\040\000s\000i\000g\000m\000a\000\040\000m\000o\000d\000e\000l\000\040\000\050\000G\000r\000a\000v\000i\000t\000o\000n\000\040\000i\000n\000c\000l\000u\000d\000e\000d\000\051}{subsection.4.2}% 27
\BOOKMARK [3][-]{subsubsection.4.2.3}{\376\377\000P\000e\000r\000t\000u\000r\000b\000a\000t\000i\000o\000n\000\040\000t\000h\000e\000o\000r\000y\000\040\000f\000o\000r\000\040\000N\000L\000S\000M\000\040\000\050\000W\000e\000y\000l\000\040\000a\000n\000o\000m\000a\000l\000y\000\040\000f\000r\000o\000m\000\040\000c\000u\000r\000v\000e\000d\000\040\000S\000T\000\051}{subsection.4.2}% 28
\BOOKMARK [3][-]{subsubsection.4.2.4}{\376\377\000N\000L\000S\000M\000\040\000\050\000g\000e\000n\000e\000r\000a\000l\000\051}{subsection.4.2}% 29
\BOOKMARK [1][-]{section.5}{\376\377\000L\000e\000c\000t\000u\000r\000e\000\040\0005}{}% 30
\BOOKMARK [2][-]{subsection.5.1}{\376\377\000Q\000u\000a\000n\000t\000i\000z\000a\000t\000i\000o\000n\000\040\000v\000i\000a\000\040\000p\000a\000t\000h\000\040\000i\000n\000t\000e\000g\000r\000a\000l}{section.5}% 31
\BOOKMARK [2][-]{subsection.5.2}{\376\377\000B\000R\000S\000T\000\040\000q\000u\000a\000n\000t\000i\000z\000a\000t\000i\000o\000n}{section.5}% 32
\BOOKMARK [1][-]{section.6}{\376\377\000L\000e\000c\000t\000u\000r\000e\000\040\0006}{}% 33
\BOOKMARK [2][-]{subsection.6.1}{\376\377\000G\000l\000o\000b\000a\000l\000\040\000p\000a\000r\000t\000\040\000o\000f\000\040\000t\000h\000e\000\040\000g\000a\000u\000g\000e\000\040\000f\000i\000x\000i\000n\000g}{section.6}% 34
\BOOKMARK [3][-]{subsubsection.6.1.1}{\376\377\000N\000a\000i\000v\000e\000\040\000e\000x\000p\000l\000a\000n\000a\000t\000i\000o\000n}{subsection.6.1}% 35
\BOOKMARK [3][-]{subsubsection.6.1.2}{\376\377\000C\000o\000n\000f\000o\000r\000m\000a\000l\000\040\000K\000i\000l\000l\000i\000n\000g\000\040\000G\000r\000o\000u\000p\000\040\000\046\000\040\000M\000e\000t\000r\000i\000c\000\040\000m\000o\000d\000u\000l\000i\000\040\000o\000f\000\040\000s\000p\000a\000c\000e}{subsection.6.1}% 36
\BOOKMARK [3][-]{subsubsection.6.1.3}{\376\377\000G\000h\000o\000s\000t\000\040\000n\000u\000m\000b\000e\000r\000\040\000a\000n\000o\000m\000a\000l\000y}{subsection.6.1}% 37
\BOOKMARK [3][-]{subsubsection.6.1.4}{\376\377\000G\000h\000o\000s\000t\000\040\000a\000c\000t\000i\000o\000n\000\040\000a\000n\000d\000\040\000t\000h\000e\000\040\000z\000e\000r\000o\000\040\000m\000o\000d\000e\000s}{subsection.6.1}% 38
\BOOKMARK [2][-]{subsection.6.2}{\376\377\000T\000r\000e\000e\000\040\000a\000m\000p\000l\000i\000t\000u\000d\000e}{section.6}% 39
\BOOKMARK [3][-]{subsubsection.6.2.1}{\376\377\000M\000a\000t\000t\000e\000r\000\040\000s\000e\000c\000t\000o\000r}{subsection.6.2}% 40
\BOOKMARK [3][-]{subsubsection.6.2.2}{\376\377\000G\000h\000o\000s\000t\000\040\000s\000e\000c\000t\000o\000r}{subsection.6.2}% 41
\BOOKMARK [3][-]{subsubsection.6.2.3}{\376\377\000S\000h\000a\000p\000i\000r\000o\000-\000V\000i\000r\000a\000s\000o\000r\000o\000\040\000a\000m\000p\000l\000i\000t\000u\000d\000e}{subsection.6.2}% 42
\BOOKMARK [1][-]{section.7}{\376\377\000L\000e\000c\000t\000u\000r\000e\000\040\0007}{}% 43
\BOOKMARK [2][-]{subsection.7.1}{\376\377\000R\000N\000S\000\040\000f\000o\000r\000m\000u\000l\000a\000t\000i\000o\000n}{section.7}% 44
\BOOKMARK [3][-]{subsubsection.7.1.1}{\376\377\000S\000u\000p\000e\000r\000c\000o\000n\000f\000o\000r\000m\000a\000l\000\040\000f\000i\000e\000l\000d\000\040\000t\000h\000e\000o\000r\000i\000e\000s}{subsection.7.1}% 45
\BOOKMARK [2][-]{subsection.7.2}{\376\377\000T\000y\000p\000e\000\040\000I\000I\000\040\000s\000t\000r\000i\000n\000g\000\040\000t\000h\000e\000o\000r\000i\000e\000s}{section.7}% 46
\BOOKMARK [1][-]{section.8}{\376\377\000L\000e\000c\000t\000u\000r\000e\000\040\0008}{}% 47
\BOOKMARK [2][-]{subsection.8.1}{\376\377\000I\000n\000t\000r\000o\000d\000u\000c\000t\000i\000o\000n\000\040\000t\000o\000\040\000D\000-\000b\000r\000a\000n\000e\000s}{section.8}% 48
\BOOKMARK [3][-]{subsubsection.8.1.1}{\376\377\000B\000o\000u\000n\000d\000a\000r\000y\000\040\000c\000o\000n\000d\000i\000t\000i\000o\000n\000s\000\040\000\046\000\040\000D\000-\000b\000r\000a\000n\000e}{subsection.8.1}% 49
\BOOKMARK [3][-]{subsubsection.8.1.2}{\376\377\000C\000h\000a\000n\000-\000P\000a\000t\000o\000n\000\040\000f\000a\000c\000t\000o\000r}{subsection.8.1}% 50
\BOOKMARK [3][-]{subsubsection.8.1.3}{\376\377\000D\000-\000b\000r\000a\000n\000e\000\040\000i\000n\000\040\000I\000I\000A\000/\000I\000I\000B\000\040\000s\000u\000p\000e\000r\000s\000t\000r\000i\000n\000g\000\040\000t\000h\000e\000o\000r\000y}{subsection.8.1}% 51
\BOOKMARK [2][-]{subsection.8.2}{\376\377\0001\000-\000l\000o\000o\000p\000\040\000a\000m\000p\000l\000i\000t\000u\000d\000e}{section.8}% 52
\BOOKMARK [3][-]{subsubsection.8.2.1}{\376\377\000T\000o\000r\000u\000s\000\040\000a\000n\000d\000\040\000i\000t\000s\000\040\000m\000o\000d\000u\000l\000u\000s\000\040\000\046\000\040\000C\000K\000G}{subsection.8.2}% 53
\BOOKMARK [3][-]{subsubsection.8.2.2}{\376\377\000T\000o\000r\000u\000s\000\040\000p\000a\000r\000t\000i\000t\000i\000o\000n\000\040\000f\000u\000n\000c\000t\000i\000o\000n\000\040\000f\000o\000r\000\040\000b\000o\000s\000o\000n\000i\000c\000\040\000s\000t\000r\000i\000n\000g}{subsection.8.2}% 54
\BOOKMARK [3][-]{subsubsection.8.2.3}{\376\377\000T\000o\000r\000u\000s\000\040\000p\000a\000r\000t\000i\000t\000i\000o\000n\000\040\000f\000u\000n\000c\000t\000i\000o\000n\000s\000\040\000f\000o\000r\000\040\000s\000u\000p\000e\000r\000s\000t\000r\000i\000n\000g}{subsection.8.2}% 55
\BOOKMARK [2][-]{subsection.8.3}{\376\377\000S\000p\000e\000c\000i\000a\000l\000\040\000f\000u\000n\000c\000t\000i\000o\000n\000s}{section.8}% 56
\BOOKMARK [1][-]{section.9}{\376\377\000L\000e\000c\000t\000u\000r\000e\000\040\0009}{}% 57
\BOOKMARK [2][-]{subsection.9.1}{\376\377\000S\0001\000\040\000c\000o\000m\000p\000a\000c\000t\000i\000f\000i\000c\000a\000t\000i\000o\000n\000\040\000i\000n\000\040\000c\000l\000o\000s\000e\000d\000\040\000b\000o\000s\000o\000n\000i\000c\000\040\000s\000t\000r\000i\000n\000g}{section.9}% 58
\BOOKMARK [3][-]{subsubsection.9.1.1}{\376\377\000S\000e\000l\000f\000-\000d\000u\000a\000l\000\040\000r\000a\000d\000i\000u\000s\000:\000\040\000R\000\040\000=\000\040\000'}{subsection.9.1}% 59
\BOOKMARK [2][-]{subsection.9.2}{\376\377\000T\000-\000d\000u\000a\000l\000i\000t\000y\000\040\000o\000f\000\040\000O\000p\000e\000n\000\040\000S\000t\000r\000i\000n\000g\000s}{section.9}% 60
\BOOKMARK [2][-]{subsection.9.3}{\376\377\000T\000-\000d\000u\000a\000l\000i\000t\000y\000\040\000o\000f\000\040\000T\000y\000p\000e\000\040\000I\000I\000\040\000S\000u\000p\000e\000r\000s\000t\000r\000i\000n\000g\000s}{section.9}% 61
\BOOKMARK [1][-]{section.10}{\376\377\000L\000e\000c\000t\000u\000r\000e\000\040\0001\0000}{}% 62
\BOOKMARK [2][-]{subsection.10.1}{\376\377\000T\000y\000p\000e\000\040\000I\000\040\000s\000u\000p\000e\000r\000s\000t\000r\000i\000n\000g\000\040\000t\000h\000e\000o\000r\000y}{section.10}% 63
\BOOKMARK [3][-]{subsubsection.10.1.1}{\376\377\000O\000r\000i\000e\000n\000t\000a\000t\000i\000o\000n\000\040\000f\000l\000i\000p\000\040\000o\000p\000e\000r\000a\000t\000i\000o\000n}{subsection.10.1}% 64
\BOOKMARK [3][-]{subsubsection.10.1.2}{\376\377\000A\000m\000p\000l\000i\000t\000u\000d\000e\000\040\000o\000f\000\040\000T\000y\000p\000e\000\040\000I\000\040\000t\000h\000e\000o\000r\000y}{subsection.10.1}% 65
\BOOKMARK [3][-]{subsubsection.10.1.3}{\376\377\000T\000-\000d\000u\000a\000l\000i\000t\000y\000\040\000o\000f\000\040\000T\000y\000p\000e\000\040\000I\000\040\000t\000h\000e\000o\000r\000y}{subsection.10.1}% 66
\BOOKMARK [1][-]{section.11}{\376\377\000L\000e\000c\000t\000u\000r\000e\000\040\0001\0001}{}% 67
\BOOKMARK [2][-]{subsection.11.1}{\376\377\000B\000o\000s\000o\000n\000i\000c\000\040\000c\000o\000n\000s\000t\000r\000u\000c\000t\000i\000o\000n}{section.11}% 68
\BOOKMARK [3][-]{subsubsection.11.1.1}{\376\377\000T\000o\000r\000o\000i\000d\000a\000l\000\040\000c\000o\000m\000p\000a\000c\000t\000i\000f\000i\000c\000a\000t\000i\000o\000n\000s}{subsection.11.1}% 69
\BOOKMARK [3][-]{subsubsection.11.1.2}{\376\377\000H\000e\000t\000e\000r\000o\000t\000i\000c\000\040\000s\000t\000r\000i\000n\000g\000s}{subsection.11.1}% 70
\BOOKMARK [2][-]{subsection.11.2}{\376\377\000F\000e\000r\000m\000i\000o\000n\000i\000c\000\040\000c\000o\000n\000s\000t\000r\000u\000c\000t\000i\000o\000n}{section.11}% 71
\BOOKMARK [3][-]{subsubsection.11.2.1}{\376\377\000H\000e\000t\000e\000r\000o\000t\000i\000c\000\040\000S\000O\000\050\0003\0002\000\051\000\040\000\050\000H\000O\000\051}{subsection.11.2}% 72
\BOOKMARK [3][-]{subsubsection.11.2.2}{\376\377\000H\000e\000t\000e\000r\000o\000t\000i\000c\000\040\000E\0008\000E\0008\000\040\000\050\000H\000E\000\051}{subsection.11.2}% 73
\BOOKMARK [3][-]{subsubsection.11.2.3}{\376\377\000N\000o\000\040\000D\000-\000b\000r\000a\000n\000e\000s\000\040\000i\000n\000\040\000H\000e\000t\000e\000r\000o\000t\000i\000c\000\040\000s\000t\000r\000i\000n\000g\000s}{subsection.11.2}% 74
\BOOKMARK [1][-]{section.12}{\376\377\000L\000e\000c\000t\000u\000r\000e\000\040\0001\0002}{}% 75
\BOOKMARK [2][-]{subsection.12.1}{\376\377\000S\000u\000p\000e\000r\000g\000r\000a\000v\000i\000t\000y}{section.12}% 76
\BOOKMARK [3][-]{subsubsection.12.1.1}{\376\377\000L\000o\000c\000a\000l\000\040\000S\000U\000S\000Y}{subsection.12.1}% 77
\BOOKMARK [3][-]{subsubsection.12.1.2}{\376\377\0001\0001\000d\000\040\000S\000U\000G\000R\000A}{subsection.12.1}% 78
\BOOKMARK [3][-]{subsubsection.12.1.3}{\376\377\0001\0000\000d\000\040\000T\000y\000p\000e\000\040\000I\000I\000A\000\040\000S\000U\000G\000R\000A}{subsection.12.1}% 79
\BOOKMARK [3][-]{subsubsection.12.1.4}{\376\377\0001\0000\000d\000\040\000T\000y\000p\000e\000\040\000I\000I\000B\000\040\000S\000U\000G\000R\000A}{subsection.12.1}% 80
\BOOKMARK [2][-]{subsection.12.2}{\376\377\000S\000t\000r\000i\000n\000g\000\040\000d\000u\000a\000l\000i\000t\000i\000e\000s}{section.12}% 81
\BOOKMARK [3][-]{subsubsection.12.2.1}{\376\377\000S\000-\000d\000u\000a\000l\000i\000t\000y\000\040\000o\000f\000\040\000T\000y\000p\000e\000\040\000I\000I\000B\000\040\000S\000U\000G\000R\000A}{subsection.12.2}% 82
\BOOKMARK [3][-]{subsubsection.12.2.2}{\376\377\000M\000-\000t\000h\000e\000o\000r\000y}{subsection.12.2}% 83
\BOOKMARK [1][-]{section.13}{\376\377\000L\000e\000c\000t\000u\000r\000e\000\040\0001\0003}{}% 84
\BOOKMARK [2][-]{subsection.13.1}{\376\377\000H\000e\000t\000e\000r\000o\000t\000i\000c\000\040\000T\000-\000d\000u\000a\000l\000i\000t\000y}{section.13}% 85
\BOOKMARK [2][-]{subsection.13.2}{\376\377\000S\040\023\000d\000u\000a\000l\000i\000t\000y\000\040\000b\000e\000t\000w\000e\000e\000n\000\040\000T\000y\000p\000e\000\040\000I\000\040\000a\000n\000d\000\040\000H\000e\000t\000e\000r\000o\000t\000i\000c\000\040\000S\000O\000\050\0003\0002\000\051}{section.13}% 86
\BOOKMARK [2][-]{subsection.13.3}{\376\377\000H\000e\000t\000e\000r\000o\000t\000i\000c\000\040\000E\0008\000E\0008\000\040\000s\000t\000r\000i\000n\000g\000\040\000f\000r\000o\000m\000\040\000M\000-\000t\000h\000e\000o\000r\000y}{section.13}% 87
\BOOKMARK [2][-]{subsection.13.4}{\376\377\000D\000u\000a\000l\000i\000t\000y\000\040\000b\000e\000t\000w\000e\000e\000n\000\040\000H\000e\000t\000e\000r\000o\000t\000i\000c\000\040\000o\000n\000\040\000T\0004\000\040\000a\000n\000d\000\040\000T\000y\000p\000e\000\040\000I\000I\000A\000\040\000o\000n\000\040\000K\0003}{section.13}% 88
\BOOKMARK [3][-]{subsubsection.13.4.1}{\376\377\000K\0003\000\040\000s\000u\000r\000f\000a\000c\000e}{subsection.13.4}% 89
\BOOKMARK [3][-]{subsubsection.13.4.2}{\376\377\000H\000e\000t\000e\000r\000o\000t\000i\000c\000\040\000o\000n\000\040\000T\0004\000/\000T\000y\000p\000e\000\040\000I\000I\000A\000\040\000o\000n\000\040\000K\0003}{subsection.13.4}% 90
\BOOKMARK [3][-]{subsubsection.13.4.3}{\376\377\000M\000o\000r\000e\000\040\000d\000u\000a\000l\000i\000t\000i\000e\000s}{subsection.13.4}% 91
\BOOKMARK [1][-]{section.14}{\376\377\000L\000e\000c\000t\000u\000r\000e\000\040\0001\0004}{}% 92
\BOOKMARK [2][-]{subsection.14.1}{\376\377\000D\000-\000b\000r\000a\000n\000e\000\040\000d\000y\000n\000a\000m\000i\000c\000s}{section.14}% 93
\BOOKMARK [3][-]{subsubsection.14.1.1}{\376\377\000D\000-\000b\000r\000a\000n\000e\000\040\000a\000c\000t\000i\000o\000n}{subsection.14.1}% 94
\BOOKMARK [3][-]{subsubsection.14.1.2}{\376\377\000B\000r\000a\000n\000e\000s\000,\000\040\000S\000t\000r\000i\000n\000g\000s\000\040\000e\000n\000d\000i\000n\000g\000\040\000o\000n\000\040\000B\000r\000a\000n\000e\000s}{subsection.14.1}% 95
\BOOKMARK [3][-]{subsubsection.14.1.3}{\376\377\000B\000o\000u\000n\000d\000\040\000s\000t\000a\000t\000e\000s\000\040\000o\000f\000\040\000D\000-\000b\000r\000a\000n\000e\000s}{subsection.14.1}% 96
\BOOKMARK [1][-]{section.15}{\376\377\000L\000e\000c\000t\000u\000r\000e\000\040\0001\0005}{}% 97
\BOOKMARK [2][-]{subsection.15.1}{\376\377\000B\000l\000a\000c\000k\000\040\000h\000o\000l\000e\000\040\000t\000h\000e\000r\000m\000o\000d\000y\000n\000a\000m\000i\000c\000s}{section.15}% 98
\BOOKMARK [3][-]{subsubsection.15.1.1}{\376\377\000B\000l\000a\000c\000k\000\040\000h\000o\000l\000e\000s}{subsection.15.1}% 99
\BOOKMARK [3][-]{subsubsection.15.1.2}{\376\377\000B\000l\000a\000c\000k\000\040\000h\000o\000l\000e\000\040\000t\000h\000e\000r\000m\000o\000d\000y\000n\000a\000m\000i\000c\000s}{subsection.15.1}% 100
\BOOKMARK [2][-]{subsection.15.2}{\376\377\000B\000l\000a\000c\000k\000\040\000h\000o\000l\000e\000s\000\040\000i\000n\000\040\000s\000t\000r\000i\000n\000g\000\040\000t\000h\000e\000o\000r\000y}{section.15}% 101
\BOOKMARK [3][-]{subsubsection.15.2.1}{\376\377\000D\0001\000-\000D\0005\000-\000P\000\040\000b\000r\000a\000n\000e\000\040\000s\000y\000s\000t\000e\000m}{subsection.15.2}% 102
\BOOKMARK [3][-]{subsubsection.15.2.2}{\376\377\000B\000l\000a\000c\000k\000\040\000h\000o\000l\000e\000\040\000i\000n\000\040\0005\000d\000\040\000s\000u\000p\000e\000r\000g\000r\000a\000v\000i\000t\000y}{subsection.15.2}% 103
\BOOKMARK [3][-]{subsubsection.15.2.3}{\376\377\000C\000o\000u\000n\000t\000i\000n\000g\000\040\000m\000i\000c\000r\000o\000s\000t\000a\000t\000e\000s}{subsection.15.2}% 104
\BOOKMARK [3][-]{subsubsection.15.2.4}{\376\377\000M\000o\000r\000e\000\040\000r\000e\000s\000u\000l\000t\000s}{subsection.15.2}% 105
\BOOKMARK [1][-]{section.16}{\376\377\000L\000e\000c\000t\000u\000r\000e\000\040\0001\0006}{}% 106
\BOOKMARK [2][-]{subsection.16.1}{\376\377\000C\000o\000n\000f\000o\000r\000m\000a\000l\000\040\000g\000r\000o\000u\000p}{section.16}% 107
\BOOKMARK [3][-]{subsubsection.16.1.1}{\376\377\000P\000r\000i\000m\000a\000r\000y\000\040\000f\000i\000e\000l\000d\000s}{subsection.16.1}% 108
\BOOKMARK [2][-]{subsection.16.2}{\376\377\000A\000n\000t\000i\000-\000d\000e\000\040\000S\000i\000t\000t\000e\000r\000\040\000s\000p\000a\000c\000e}{section.16}% 109
\BOOKMARK [3][-]{subsubsection.16.2.1}{\376\377\000G\000l\000o\000b\000a\000l\000\040\000c\000o\000o\000r\000d\000i\000n\000a\000t\000e}{subsection.16.2}% 110
\BOOKMARK [3][-]{subsubsection.16.2.2}{\376\377\000P\000o\000i\000n\000c\000a\000r\000\351\000\040\000c\000o\000o\000r\000d\000i\000n\000a\000t\000e\000s}{subsection.16.2}% 111
\BOOKMARK [2][-]{subsection.16.3}{\376\377\000I\000n\000t\000r\000o\000d\000u\000c\000t\000i\000o\000n\000\040\000t\000o\000\040\000A\000d\000S\0005\000/\000C\000F\000T\0004\000\040\000c\000o\000r\000r\000e\000s\000p\000o\000n\000d\000e\000n\000c\000e}{section.16}% 112
\BOOKMARK [2][-]{subsection.16.4}{\376\377\000G\000K\000P\000W\000\040\000r\000e\000l\000a\000t\000i\000o\000n}{section.16}% 113
